<?xml version="1.0" encoding="UTF-8"?>
<!-- Generated by org.testng.reporters.JUnitXMLReporter -->
<testsuite hostname="DESKTOP-I21VD96" ignored="0" name="RedBus_Framework" tests="2" failures="0" timestamp="07 Aug 2020 14:30:17 GMT" time="29.927" errors="0">
  <testcase name="signUp" time="7.235" classname="com.FW_redBus.testCases.TC_SignUp_001_redBus"/>
  <testcase name="closeWindow" time="10.358" classname="com.FW_redBus.testCases.TC_SignUp_001_redBus"/>
</testsuite> <!-- RedBus_Framework -->
